\BOOKMARK [1][]{section.1}{\376\377\133\236\232\214\200\314\146\157}{}% 1
\BOOKMARK [1][]{section.2}{\376\377\133\236\232\214\213\276\213\241}{}% 2
\BOOKMARK [2][]{subsection.2.1}{\376\377\117\134\116\032\211\201\154\102}{section.2}% 3
\BOOKMARK [2][]{subsection.2.2}{\376\377\133\236\232\214\116\313\176\315}{section.2}% 4
\BOOKMARK [2][]{subsection.2.3}{\376\377\153\143\116\244\133\236\232\214\213\276\213\241}{section.2}% 5
\BOOKMARK [3][]{subsubsection.2.3.1}{\376\377\147\201\135\356\122\006\147\220}{subsection.2.3}% 6
\BOOKMARK [3][]{subsubsection.2.3.2}{\376\377\145\271\135\356\122\006\147\220}{subsection.2.3}% 7
\BOOKMARK [3][]{subsubsection.2.3.3}{\376\377\117\177\165\050\000D\000e\000s\000i\000g\000n\000E\000x\000p\000e\000r\000t\217\157\116\366\232\214\213\301}{subsection.2.3}% 8
\BOOKMARK [3][]{subsubsection.2.3.4}{\376\377\153\143\116\244\133\236\232\214\213\276\213\241\140\073\176\323}{subsection.2.3}% 9
\BOOKMARK [1][]{section.3}{\376\377\145\160\143\156\166\204\230\204\131\004\164\006\124\214\176\337\213\241\122\006\147\220}{}% 10
\BOOKMARK [2][]{subsection.3.1}{\376\377\117\134\116\032\211\201\154\102}{section.3}% 11
\BOOKMARK [2][]{subsection.3.2}{\376\377\133\236\232\214\116\313\176\315}{section.3}% 12
\BOOKMARK [2][]{subsection.3.3}{\376\377\145\160\143\156\166\204\230\204\131\004\164\006}{section.3}% 13
\BOOKMARK [3][]{subsubsection.3.3.1}{\376\377\127\107\124\021\221\317}{subsection.3.3}% 14
\BOOKMARK [3][]{subsubsection.3.3.2}{\376\377\123\117\145\271\135\356\167\351\226\065}{subsection.3.3}% 15
\BOOKMARK [3][]{subsubsection.3.3.3}{\376\377\166\370\121\163\174\373\145\160\167\351\226\065}{subsection.3.3}% 16
\BOOKMARK [3][]{subsubsection.3.3.4}{\376\377\123\330\221\317\166\204\166\364\145\271\126\376}{subsection.3.3}% 17
\BOOKMARK [3][]{subsubsection.3.3.5}{\376\377\123\330\221\317\166\204\173\261\137\017\126\376}{subsection.3.3}% 18
\BOOKMARK [3][]{subsubsection.3.3.6}{\376\377\133\371\124\004\123\330\221\317\166\204\137\002\136\070\145\160\143\156\217\333\210\114\122\044\145\255\124\214\123\326\202\015}{subsection.3.3}% 19
\BOOKMARK [3][]{subsubsection.3.3.7}{\376\377\145\160\143\156\166\204\230\204\131\004\164\006\133\236\232\214\140\073\176\323}{subsection.3.3}% 20
\BOOKMARK [2][]{subsection.3.4}{\376\377\176\337\213\241\122\006\147\220}{section.3}% 21
\BOOKMARK [3][]{subsubsection.3.4.1}{\376\377\145\160\143\156\166\204\122\006\136\003\150\300\232\214}{subsection.3.4}% 22
\BOOKMARK [3][]{subsubsection.3.4.2}{\376\377\123\302\145\160\117\060\213\241\116\113\123\072\225\364\117\060\213\241}{subsection.3.4}% 23
\BOOKMARK [3][]{subsubsection.3.4.3}{\376\377\123\302\145\160\117\060\213\241\116\113\150\067\147\054\133\271\221\317\170\156\133\232}{subsection.3.4}% 24
\BOOKMARK [3][]{subsubsection.3.4.4}{\376\377\176\337\213\241\150\300\232\214\116\113\171\273\177\244\120\074\150\300\232\214}{subsection.3.4}% 25
\BOOKMARK [3][]{subsubsection.3.4.5}{\376\377\176\337\213\241\150\300\232\214\116\113\145\271\135\356\153\324\217\203\150\300\232\214}{subsection.3.4}% 26
\BOOKMARK [3][]{subsubsection.3.4.6}{\376\377\176\337\213\241\150\300\232\214\116\113\127\107\120\074\150\300\232\214}{subsection.3.4}% 27
\BOOKMARK [3][]{subsubsection.3.4.7}{\376\377\145\271\135\356\122\006\147\220\116\016\147\201\135\356\122\006\147\220}{subsection.3.4}% 28
\BOOKMARK [3][]{subsubsection.3.4.8}{\376\377\176\337\213\241\122\006\147\220\133\236\232\214\140\073\176\323}{subsection.3.4}% 29
\BOOKMARK [1][]{section.4}{\376\377\145\160\143\156\166\204\126\376\171\072}{}% 30
\BOOKMARK [2][]{subsection.4.1}{\376\377\117\134\116\032\211\201\154\102}{section.4}% 31
\BOOKMARK [2][]{subsection.4.2}{\376\377\133\236\232\214\116\313\176\315}{section.4}% 32
\BOOKMARK [2][]{subsection.4.3}{\376\377\145\160\143\156\126\376\171\072}{section.4}% 33
\BOOKMARK [3][]{subsubsection.4.3.1}{\376\377\145\143\160\271\126\376}{subsection.4.3}% 34
\BOOKMARK [3][]{subsubsection.4.3.2}{\376\377\142\230\176\277\126\376}{subsection.4.3}% 35
\BOOKMARK [3][]{subsubsection.4.3.3}{\376\377\147\141\137\142\126\376}{subsection.4.3}% 36
\BOOKMARK [3][]{subsubsection.4.3.4}{\376\377\231\174\126\376}{subsection.4.3}% 37
\BOOKMARK [3][]{subsubsection.4.3.5}{\376\377\145\160\143\156\166\204\126\376\171\072\133\236\232\214\140\073\176\323}{subsection.4.3}% 38
\BOOKMARK [1][]{section.5}{\376\377\145\160\143\156\166\204\131\004\164\006\117\134\116\032\116\000}{}% 39
\BOOKMARK [2][]{subsection.5.1}{\376\377\117\134\116\032\211\201\154\102}{section.5}% 40
\BOOKMARK [2][]{subsection.5.2}{\376\377\133\236\232\214\116\313\176\315}{section.5}% 41
\BOOKMARK [2][]{subsection.5.3}{\376\377\126\336\137\122\122\006\147\220}{section.5}% 42
\BOOKMARK [3][]{subsubsection.5.3.1}{\376\377\116\044\123\330\221\317\176\277\140\047\126\336\137\122}{subsection.5.3}% 43
\BOOKMARK [3][]{subsubsection.5.3.2}{\376\377\116\044\123\330\221\317\176\277\140\047\146\076\204\127\140\047\150\300\232\214}{subsection.5.3}% 44
\BOOKMARK [3][]{subsubsection.5.3.3}{\376\377\116\044\123\330\221\317\176\277\140\047\126\336\137\122\176\323\147\234\213\250\213\272}{subsection.5.3}% 45
\BOOKMARK [3][]{subsubsection.5.3.4}{\376\377\131\032\121\103\176\277\140\047\126\336\137\122}{subsection.5.3}% 46
\BOOKMARK [3][]{subsubsection.5.3.5}{\376\377\131\032\121\103\176\277\140\047\126\336\137\122\146\076\204\127\140\047\150\300\232\214}{subsection.5.3}% 47
\BOOKMARK [3][]{subsubsection.5.3.6}{\376\377\131\032\121\103\176\277\140\047\126\336\137\122\176\323\147\234\213\250\213\272}{subsection.5.3}% 48
\BOOKMARK [1][]{section.6}{\376\377\145\160\143\156\166\204\131\004\164\006\117\134\116\032\116\214}{}% 49
\BOOKMARK [2][]{subsection.6.1}{\376\377\117\134\116\032\211\201\154\102}{section.6}% 50
\BOOKMARK [2][]{subsection.6.2}{\376\377\133\236\232\214\116\313\176\315}{section.6}% 51
\BOOKMARK [2][]{subsection.6.3}{\376\377\226\115\176\364\122\006\147\220}{section.6}% 52
\BOOKMARK [3][]{subsubsection.6.3.1}{\376\377\226\115\176\364\225\356\230\230}{subsection.6.3}% 53
\BOOKMARK [3][]{subsubsection.6.3.2}{\376\377\226\115\176\364\145\271\154\325}{subsection.6.3}% 54
\BOOKMARK [3][]{subsubsection.6.3.3}{\376\377\226\115\176\364\217\307\172\013}{subsection.6.3}% 55
\BOOKMARK [3][]{subsubsection.6.3.4}{\376\377\220\011\142\351\147\000\176\310\226\115\176\364\142\020\122\006\166\204\117\235\143\156}{subsection.6.3}% 56
\BOOKMARK [3][]{subsubsection.6.3.5}{\376\377\226\115\176\364\124\016\145\260\123\330\221\317\116\016\123\237\131\313\123\330\221\317\116\113\225\364\121\163\174\373}{subsection.6.3}% 57
\BOOKMARK [2][]{subsection.6.4}{\376\377\200\132\174\173\122\006\147\220}{section.6}% 58
\BOOKMARK [3][]{subsubsection.6.4.1}{\376\377\200\132\174\173\225\356\230\230}{subsection.6.4}% 59
\BOOKMARK [3][]{subsubsection.6.4.2}{\376\377\200\132\174\173\145\271\154\325}{subsection.6.4}% 60
\BOOKMARK [3][]{subsubsection.6.4.3}{\376\377\200\132\174\173\217\307\172\013}{subsection.6.4}% 61
\BOOKMARK [3][]{subsubsection.6.4.4}{\376\377\200\132\174\173\176\323\147\234\122\006\147\220}{subsection.6.4}% 62
\BOOKMARK [1][]{section.7}{\376\377\123\302\200\003\145\207\163\056}{}% 63
